<?xml version="1.0" encoding="UTF-8"?>
<!-- Generated by org.testng.reporters.JUnitReportReporter -->
<testsuite skipped="0" hostname="IBM-Testing01" name="Admin_Home_Page" tests="3" failures="0" timestamp="27 Dec 2019 11:25:50 GMT" time="15.791" errors="0">
  <testcase name="test" time="2.033" classname="Admin_Home_Page"/>
  <testcase name="personal" time="9.050" classname="Admin_Home_Page"/>
  <testcase name="payment" time="4.708" classname="Admin_Home_Page"/>
</testsuite> <!-- Admin_Home_Page -->
